<?xml version="1.0" encoding="UTF-8"?>
<testng-results ignored="0" total="3" passed="3" failed="0" skipped="0">
  <reporter-output>
  </reporter-output>
  <suite started-at="2024-10-19T16:19:37 EET" name="Default suite" finished-at="2024-10-19T16:20:08 EET" duration-ms="31748">
    <groups>
    </groups>
    <test started-at="2024-10-19T16:19:37 EET" name="Default test" finished-at="2024-10-19T16:20:08 EET" duration-ms="31748">
      <class name="ArrayProject">
        <test-method is-config="true" signature="BeforeMyTest()[pri:0, instance:ArrayProject@10ded6a9]" started-at="2024-10-19T16:19:37 EET" name="BeforeMyTest" finished-at="2024-10-19T16:19:41 EET" duration-ms="4872" status="PASS">
          <reporter-output>
          </reporter-output>
        </test-method> <!-- BeforeMyTest -->
        <test-method signature="MyTest()[pri:1, instance:ArrayProject@10ded6a9]" started-at="2024-10-19T16:19:41 EET" name="MyTest" finished-at="2024-10-19T16:19:50 EET" duration-ms="8176" status="PASS">
          <reporter-output>
          </reporter-output>
        </test-method> <!-- MyTest -->
        <test-method signature="MyTest()[pri:1, instance:ArrayProject@10ded6a9]" started-at="2024-10-19T16:19:50 EET" name="MyTest" finished-at="2024-10-19T16:19:59 EET" duration-ms="9299" status="PASS">
          <reporter-output>
          </reporter-output>
        </test-method> <!-- MyTest -->
        <test-method signature="MyTest()[pri:1, instance:ArrayProject@10ded6a9]" started-at="2024-10-19T16:19:59 EET" name="MyTest" finished-at="2024-10-19T16:20:08 EET" duration-ms="9323" status="PASS">
          <reporter-output>
          </reporter-output>
        </test-method> <!-- MyTest -->
      </class> <!-- ArrayProject -->
    </test> <!-- Default test -->
  </suite> <!-- Default suite -->
</testng-results>
