<?xml version="1.0" encoding="UTF-8"?>
<testng-results ignored="0" total="1" passed="1" failed="0" skipped="0">
  <reporter-output>
  </reporter-output>
  <suite started-at="2024-10-07T00:27:47 EET" name="Default suite" finished-at="2024-10-07T00:27:54 EET" duration-ms="6148">
    <groups>
    </groups>
    <test started-at="2024-10-07T00:27:47 EET" name="Default test" finished-at="2024-10-07T00:27:54 EET" duration-ms="6148">
      <class name="MyTestCases">
        <test-method is-config="true" signature="setup()[pri:0, instance:MyTestCases@52066604]" started-at="2024-10-07T00:27:47 EET" name="setup" finished-at="2024-10-07T00:27:49 EET" duration-ms="1715" status="PASS">
          <reporter-output>
          </reporter-output>
        </test-method> <!-- setup -->
        <test-method signature="serachAboutMyself()[pri:0, instance:MyTestCases@52066604]" started-at="2024-10-07T00:27:49 EET" name="serachAboutMyself" finished-at="2024-10-07T00:27:54 EET" duration-ms="4389" status="PASS">
          <reporter-output>
          </reporter-output>
        </test-method> <!-- serachAboutMyself -->
        <test-method is-config="true" signature="afterMyTest()[pri:0, instance:MyTestCases@52066604]" started-at="2024-10-07T00:27:54 EET" name="afterMyTest" finished-at="2024-10-07T00:27:54 EET" duration-ms="1" status="PASS">
          <reporter-output>
          </reporter-output>
        </test-method> <!-- afterMyTest -->
      </class> <!-- MyTestCases -->
    </test> <!-- Default test -->
  </suite> <!-- Default suite -->
</testng-results>
