<?xml version="1.0" encoding="UTF-8"?>
<testng-results ignored="0" total="1" passed="1" failed="0" skipped="0">
  <reporter-output>
  </reporter-output>
  <suite started-at="2024-10-15T01:02:29 EET" name="Default suite" finished-at="2024-10-15T01:02:40 EET" duration-ms="10934">
    <groups>
    </groups>
    <test started-at="2024-10-15T01:02:29 EET" name="Default test" finished-at="2024-10-15T01:02:40 EET" duration-ms="10934">
      <class name="TareqTestProject">
        <test-method is-config="true" signature="BeforeMyTest()[pri:0, instance:TareqTestProject@10ded6a9]" started-at="2024-10-15T01:02:29 EET" name="BeforeMyTest" finished-at="2024-10-15T01:02:34 EET" duration-ms="4560" status="PASS">
          <reporter-output>
          </reporter-output>
        </test-method> <!-- BeforeMyTest -->
        <test-method signature="signUp()[pri:1, instance:TareqTestProject@10ded6a9]" started-at="2024-10-15T01:02:34 EET" name="signUp" finished-at="2024-10-15T01:02:40 EET" duration-ms="6332" status="PASS">
          <reporter-output>
          </reporter-output>
        </test-method> <!-- signUp -->
      </class> <!-- TareqTestProject -->
    </test> <!-- Default test -->
  </suite> <!-- Default suite -->
</testng-results>
