<?xml version="1.0" encoding="UTF-8"?>
<!-- Generated by org.testng.reporters.JUnitXMLReporter -->
<testsuite ignored="0" hostname="DESKTOP-6G1N8RA" failures="0" tests="4" name="Default test" time="48.16" errors="0" timestamp="2024-11-03T02:09:01 EET">
  <testcase classname="TheFirstProject" name="SignUpTest" time="10.385"/>
  <testcase classname="TheFirstProject" name="LogOutTest" time="6.885"/>
  <testcase classname="TheFirstProject" name="LoginTest" time="4.943"/>
  <testcase classname="TheFirstProject" name="AddItemToTheCart" time="23.458"/>
</testsuite> <!-- Default test -->
