<?xml version="1.0" encoding="UTF-8"?>
<testng-results ignored="0" total="1" passed="1" failed="0" skipped="0">
  <reporter-output>
  </reporter-output>
  <suite started-at="2024-10-07T02:35:23 EET" name="Default suite" finished-at="2024-10-07T02:35:23 EET" duration-ms="84">
    <groups>
    </groups>
    <test started-at="2024-10-07T02:35:23 EET" name="Default test" finished-at="2024-10-07T02:35:23 EET" duration-ms="84">
      <class name="MyNewTestCases">
        <test-method signature="tareq()[pri:0, instance:MyNewTestCases@1b73be9f]" started-at="2024-10-07T02:35:23 EET" name="tareq" finished-at="2024-10-07T02:35:23 EET" duration-ms="24" status="PASS">
          <reporter-output>
          </reporter-output>
        </test-method> <!-- tareq -->
      </class> <!-- MyNewTestCases -->
    </test> <!-- Default test -->
  </suite> <!-- Default suite -->
</testng-results>
